Determining if the pthread_create exist failed with the following output:
Change Dir: /home/mahdialikhasi/Desktop/AI/new/myClient/build/CMakeFiles/CMakeTmp

Run Build Command:"/usr/bin/make" "cmTC_59979/fast"
/usr/bin/make -f CMakeFiles/cmTC_59979.dir/build.make CMakeFiles/cmTC_59979.dir/build
make[1]: Entering directory '/home/mahdialikhasi/Desktop/AI/new/myClient/build/CMakeFiles/CMakeTmp'
Building CXX object CMakeFiles/cmTC_59979.dir/CheckSymbolExists.cxx.o
/usr/bin/c++     -o CMakeFiles/cmTC_59979.dir/CheckSymbolExists.cxx.o -c /home/mahdialikhasi/Desktop/AI/new/myClient/build/CMakeFiles/CMakeTmp/CheckSymbolExists.cxx
Linking CXX executable cmTC_59979
/usr/bin/cmake -E cmake_link_script CMakeFiles/cmTC_59979.dir/link.txt --verbose=1
/usr/bin/c++       -rdynamic CMakeFiles/cmTC_59979.dir/CheckSymbolExists.cxx.o  -o cmTC_59979 
CMakeFiles/cmTC_59979.dir/CheckSymbolExists.cxx.o: In function `main':
CheckSymbolExists.cxx:(.text+0x1b): undefined reference to `pthread_create'
collect2: error: ld returned 1 exit status
CMakeFiles/cmTC_59979.dir/build.make:97: recipe for target 'cmTC_59979' failed
make[1]: *** [cmTC_59979] Error 1
make[1]: Leaving directory '/home/mahdialikhasi/Desktop/AI/new/myClient/build/CMakeFiles/CMakeTmp'
Makefile:126: recipe for target 'cmTC_59979/fast' failed
make: *** [cmTC_59979/fast] Error 2

File /home/mahdialikhasi/Desktop/AI/new/myClient/build/CMakeFiles/CMakeTmp/CheckSymbolExists.cxx:
/* */
#include <pthread.h>

int main(int argc, char** argv)
{
  (void)argv;
#ifndef pthread_create
  return ((int*)(&pthread_create))[argc];
#else
  (void)argc;
  return 0;
#endif
}

Determining if the function pthread_create exists in the pthreads failed with the following output:
Change Dir: /home/mahdialikhasi/Desktop/AI/new/myClient/build/CMakeFiles/CMakeTmp

Run Build Command:"/usr/bin/make" "cmTC_c7721/fast"
/usr/bin/make -f CMakeFiles/cmTC_c7721.dir/build.make CMakeFiles/cmTC_c7721.dir/build
make[1]: Entering directory '/home/mahdialikhasi/Desktop/AI/new/myClient/build/CMakeFiles/CMakeTmp'
Building CXX object CMakeFiles/cmTC_c7721.dir/CheckFunctionExists.cxx.o
/usr/bin/c++    -DCHECK_FUNCTION_EXISTS=pthread_create   -o CMakeFiles/cmTC_c7721.dir/CheckFunctionExists.cxx.o -c /home/mahdialikhasi/Desktop/AI/new/myClient/build/CMakeFiles/CheckLibraryExists/CheckFunctionExists.cxx
Linking CXX executable cmTC_c7721
/usr/bin/cmake -E cmake_link_script CMakeFiles/cmTC_c7721.dir/link.txt --verbose=1
/usr/bin/c++   -DCHECK_FUNCTION_EXISTS=pthread_create    -rdynamic CMakeFiles/cmTC_c7721.dir/CheckFunctionExists.cxx.o  -o cmTC_c7721 -lpthreads 
/usr/bin/ld: cannot find -lpthreads
collect2: error: ld returned 1 exit status
CMakeFiles/cmTC_c7721.dir/build.make:97: recipe for target 'cmTC_c7721' failed
make[1]: *** [cmTC_c7721] Error 1
make[1]: Leaving directory '/home/mahdialikhasi/Desktop/AI/new/myClient/build/CMakeFiles/CMakeTmp'
Makefile:126: recipe for target 'cmTC_c7721/fast' failed
make: *** [cmTC_c7721/fast] Error 2


